Sat Jun 08 2024 11:48:29 GMT+0530 (India Standard Time) - GET - /api 
Sat Jun 08 2024 11:48:29 GMT+0530 (India Standard Time) - GET - /favicon.ico 
Sat Jun 08 2024 11:48:32 GMT+0530 (India Standard Time) - GET - / 
Thu Jun 20 2024 23:09:25 GMT+0530 (India Standard Time) - GET - / 
Thu Jun 20 2024 23:09:29 GMT+0530 (India Standard Time) - GET - /api 
Thu Jun 20 2024 23:09:29 GMT+0530 (India Standard Time) - GET - /favicon.ico 
Thu Jun 20 2024 23:09:33 GMT+0530 (India Standard Time) - GET - /products 
Thu Jun 20 2024 23:16:33 GMT+0530 (India Standard Time) - GET - /products 
Fri Jun 21 2024 10:44:58 GMT+0530 (India Standard Time) - GET - /products 
Fri Jun 21 2024 10:45:08 GMT+0530 (India Standard Time) - GET - /products/P10010 
Fri Jun 21 2024 10:47:02 GMT+0530 (India Standard Time) - GET - /products/ 
Fri Jun 21 2024 10:47:45 GMT+0530 (India Standard Time) - POST - /products/ 
Fri Jun 21 2024 10:48:59 GMT+0530 (India Standard Time) - GET - /products/ 
Fri Jun 21 2024 10:49:09 GMT+0530 (India Standard Time) - GET - /products/P10010 
Fri Jun 21 2024 10:50:15 GMT+0530 (India Standard Time) - GET - /products/P10010 
Fri Jun 21 2024 10:50:59 GMT+0530 (India Standard Time) - GET - /products/P10010 
Fri Jun 21 2024 10:51:16 GMT+0530 (India Standard Time) - GET - /products/P10010 
Fri Jun 21 2024 10:51:25 GMT+0530 (India Standard Time) - PUT - /products/P10010 
Fri Jun 21 2024 10:51:30 GMT+0530 (India Standard Time) - GET - /products/P10010 
Fri Jun 21 2024 10:51:48 GMT+0530 (India Standard Time) - DELETE - /products/P10010 
Fri Jun 21 2024 10:51:52 GMT+0530 (India Standard Time) - GET - /products/P10010 
Fri Jun 21 2024 10:52:42 GMT+0530 (India Standard Time) - GET - /products/P10010 
Fri Jun 21 2024 10:53:36 GMT+0530 (India Standard Time) - GET - /products/P10010 
Fri Jun 21 2024 10:53:47 GMT+0530 (India Standard Time) - GET - /products/P10010 
Fri Jun 21 2024 10:56:02 GMT+0530 (India Standard Time) - GET - /users 
Fri Jun 21 2024 10:56:31 GMT+0530 (India Standard Time) - GET - /users 
Fri Jun 21 2024 10:59:24 GMT+0530 (India Standard Time) - POST - /users 
Fri Jun 21 2024 11:00:41 GMT+0530 (India Standard Time) - POST - /users 
Fri Jun 21 2024 11:00:46 GMT+0530 (India Standard Time) - GET - /users 
Fri Jun 21 2024 11:02:18 GMT+0530 (India Standard Time) - GET - /users?email=pranavkewate@gmail.com&password=admin@123 
Fri Jun 21 2024 11:02:42 GMT+0530 (India Standard Time) - GET - /users?email=pranavkewate@gmail.com&password=admin@123 
Fri Jun 21 2024 11:04:57 GMT+0530 (India Standard Time) - GET - /users?email=pranavkewate@gmail.com&password=admin@123 
Fri Jun 21 2024 11:05:03 GMT+0530 (India Standard Time) - GET - /users?email=pranavkewate@gmail.com&password=admin@1234 
Fri Jun 21 2024 11:05:11 GMT+0530 (India Standard Time) - GET - /users?email=pranavkewate@gmail.com&password=admin@123 
Fri Jun 21 2024 11:08:01 GMT+0530 (India Standard Time) - POST - /sellers 
Fri Jun 21 2024 11:08:07 GMT+0530 (India Standard Time) - GET - /sellers 
Fri Jun 21 2024 11:08:53 GMT+0530 (India Standard Time) - GET - /sellers 
Fri Jun 21 2024 11:08:57 GMT+0530 (India Standard Time) - GET - /sellers 
Fri Jun 21 2024 11:09:28 GMT+0530 (India Standard Time) - GET - /sellers?email=pranavkewate@gmail.com&password=admin@123 
Fri Jun 21 2024 11:09:36 GMT+0530 (India Standard Time) - GET - /sellers?email=pranavkewate@gmail.com&password=admin@123s 
Fri Jun 21 2024 11:09:41 GMT+0530 (India Standard Time) - GET - /sellers?email=pranavkewate@gmail.com&password=admin@123 
Fri Jun 21 2024 11:18:21 GMT+0530 (India Standard Time) - GET - /orders 
Fri Jun 21 2024 11:21:00 GMT+0530 (India Standard Time) - GET - /orders 
Fri Jun 21 2024 11:21:06 GMT+0530 (India Standard Time) - POST - /orders 
Fri Jun 21 2024 11:27:20 GMT+0530 (India Standard Time) - POST - /orders 
Fri Jun 21 2024 11:29:49 GMT+0530 (India Standard Time) - POST - /orders 
Fri Jun 21 2024 11:30:44 GMT+0530 (India Standard Time) - POST - /orders 
Fri Jun 21 2024 11:31:40 GMT+0530 (India Standard Time) - POST - /orders 
Fri Jun 21 2024 11:32:53 GMT+0530 (India Standard Time) - POST - /orders 
Fri Jun 21 2024 11:33:11 GMT+0530 (India Standard Time) - GET - /orders 
Fri Jun 21 2024 11:35:32 GMT+0530 (India Standard Time) - GET - /orders 
Fri Jun 21 2024 11:36:21 GMT+0530 (India Standard Time) - GET - /orders 
Fri Jun 21 2024 11:36:48 GMT+0530 (India Standard Time) - DELETE - /orders 
Fri Jun 21 2024 11:37:19 GMT+0530 (India Standard Time) - GET - /orders 
Fri Jun 21 2024 11:37:29 GMT+0530 (India Standard Time) - DELETE - /orders/O10010 
Fri Jun 21 2024 11:37:34 GMT+0530 (India Standard Time) - GET - /orders/O10010 
Fri Jun 21 2024 11:37:41 GMT+0530 (India Standard Time) - GET - /orders 
